 #hydrostatic equilibrium dump
 #alt/km p/mbar Tgas/K
   1.0000000000000000        1826.6590549631783        282.00000000000000     
   2.0000000000000000        1557.1406898970326        275.00000000000000     
   3.0000000000000000        1330.7242176330490        269.00000000000000     
   4.0000000000000000        1127.1584321049538        262.00000000000000     
   5.0000000000000000        961.86241269919140        256.00000000000000     
   6.0000000000000000        812.70017489835993        249.00000000000000     
   7.0000000000000000        688.84975818411567        243.00000000000000     
   8.0000000000000000        579.57202378589977        236.00000000000000     
   9.0000000000000000        489.19147946673041        230.00000000000000     
   10.000000000000000        413.28462337192900        225.00000000000000     
   11.000000000000000        353.43164837154006        221.00000000000000     
   12.000000000000000        305.58833972925214        220.00000000000000     
   13.000000000000000        263.96932705323974        219.00000000000000     
   14.000000000000000        228.08273937239389        218.00000000000000     
   15.000000000000000        197.12590832231527        217.00000000000000     
   16.000000000000000        171.53345785613533        217.00000000000000     
   17.000000000000000        149.59663083278002        217.00000000000000     
   18.000000000000000        130.05712746996076        217.00000000000000     
   19.000000000000000        113.33426172752273        217.00000000000000     
   20.000000000000000        98.891659103619062        217.00000000000000     
   21.000000000000000        86.581354497817685        218.00000000000000     
   22.000000000000000        75.668942800862126        219.00000000000000     
   23.000000000000000        66.536668616883716        220.00000000000000     
   24.000000000000000        58.353629111124150        221.00000000000000     
   25.000000000000000        51.198899545729191        222.00000000000000     
   26.000000000000000        44.900740257606003        223.00000000000000     
   27.000000000000000        39.397923113779150        224.00000000000000     
   28.000000000000000        34.577404078784824        225.00000000000000     
   29.000000000000000        30.367798588412498        226.00000000000000     
   30.000000000000000        26.640222706395004        227.00000000000000     
   31.000000000000000        23.567150747651915        229.00000000000000     
   32.000000000000000        20.863694858614526        231.00000000000000     
   33.000000000000000        18.470181882522212        233.00000000000000     
   34.000000000000000        16.337497782075587        235.00000000000000     
   35.000000000000000        14.453796820490838        237.00000000000000     
   36.000000000000000        12.866286782895184        239.00000000000000     
   37.000000000000000        11.450262824041360        242.00000000000000     
   38.000000000000000        10.286384820508690        245.00000000000000     
   39.000000000000000        9.1655314000368584        248.00000000000000     
   40.000000000000000        8.1623949543921999        250.00000000000000     
   41.000000000000000        7.3031410215442065        253.00000000000000     
   42.000000000000000        6.5411598261512731        256.00000000000000     
   43.000000000000000        5.8667191637538396        259.00000000000000     
   44.000000000000000        5.2487712146061387        261.00000000000000     
   45.000000000000000        4.7184827578714934        264.00000000000000     
   46.000000000000000        4.2337580143952245        267.00000000000000     
   47.000000000000000        3.7536241198839355        268.00000000000000     
   48.000000000000000        3.3217590314984027        269.00000000000000     
   49.000000000000000        2.9572362655636253        271.00000000000000     
   50.000000000000000        2.5903656254476082        271.00000000000000     
   51.000000000000000        2.2669466554220632        271.00000000000000     
   52.000000000000000        1.9301279185265612        268.00000000000000     
   53.000000000000000        1.6526272732212461        266.00000000000000     
   54.000000000000000        1.4082537215099413        264.00000000000000     
   55.000000000000000        1.1975708764877504        261.00000000000000     
   56.000000000000000        1.0195010935834743        259.00000000000000     
   57.000000000000000       0.86977516674141064        256.00000000000000     
   58.000000000000000       0.74231742348585583        254.00000000000000     
   59.000000000000000       0.63343014643195139        252.00000000000000     
   60.000000000000000       0.52600902827989027        247.00000000000000     
