 #hydrostatic equilibrium dump
 #alt/km p/mbar Tgas/K
   1.0000000000000000        1826.6590563171230        282.00000000000000     
   2.0000000000000000        1557.1406908682895        275.00000000000000     
   3.0000000000000000        1330.7242183549356        269.00000000000000     
   4.0000000000000000        1127.1584326499769        262.00000000000000     
   5.0000000000000000        961.86241312179163        256.00000000000000     
   6.0000000000000000        812.70017522842409        249.00000000000000     
   7.0000000000000000        688.84975844668827        243.00000000000000     
   8.0000000000000000        579.57202399605978        236.00000000000000     
   9.0000000000000000        489.19147963719263        230.00000000000000     
   10.000000000000000        413.28462351056470        225.00000000000000     
   11.000000000000000        353.43164848506763        221.00000000000000     
   12.000000000000000        305.58833982397243        220.00000000000000     
   13.000000000000000        263.96932713453640        219.00000000000000     
   14.000000000000000        228.08273944170773        218.00000000000000     
   15.000000000000000        197.12590838085785        217.00000000000000     
   16.000000000000000        171.53345790545336        217.00000000000000     
   17.000000000000000        149.59663087389904        217.00000000000000     
   18.000000000000000        130.05712750375761        217.00000000000000     
   19.000000000000000        113.33426175513941        217.00000000000000     
   20.000000000000000        98.891659126014417        217.00000000000000     
   21.000000000000000        86.581354515837518        218.00000000000000     
   22.000000000000000        75.668942815222451        219.00000000000000     
   23.000000000000000        66.536668628264394        220.00000000000000     
   24.000000000000000        58.353629120091647        221.00000000000000     
   25.000000000000000        51.198899552708887        222.00000000000000     
   26.000000000000000        44.900740262986979        223.00000000000000     
   27.000000000000000        39.397923117895139        224.00000000000000     
   28.000000000000000        34.577404081887096        225.00000000000000     
   29.000000000000000        30.367798590726942        226.00000000000000     
   30.000000000000000        26.640222708092583        227.00000000000000     
   31.000000000000000        23.567150748903536        229.00000000000000     
   32.000000000000000        20.863694859541429        231.00000000000000     
   33.000000000000000        18.470181883212483        233.00000000000000     
   34.000000000000000        16.337497782593893        235.00000000000000     
   35.000000000000000        14.453796820882557        237.00000000000000     
   36.000000000000000        12.866286783197920        239.00000000000000     
   37.000000000000000        11.450262824279347        242.00000000000000     
   38.000000000000000        10.286384820700167        245.00000000000000     
   39.000000000000000        9.1655314001925561        248.00000000000000     
   40.000000000000000        8.1623949545209626        250.00000000000000     
   41.000000000000000        7.3031410216527943        253.00000000000000     
   42.000000000000000        6.5411598262441695        256.00000000000000     
   43.000000000000000        5.8667191638343263        259.00000000000000     
   44.000000000000000        5.2487712146763146        261.00000000000000     
   45.000000000000000        4.7184827579333861        264.00000000000000     
   46.000000000000000        4.2337580144500180        267.00000000000000     
   47.000000000000000        3.7536241199320437        268.00000000000000     
   48.000000000000000        3.3217590315406764        269.00000000000000     
   49.000000000000000        2.9572362656010709        271.00000000000000     
   50.000000000000000        2.5903656254802900        271.00000000000000     
   51.000000000000000        2.2669466554505955        271.00000000000000     
   52.000000000000000        1.9301279185508144        268.00000000000000     
   53.000000000000000        1.6526272732419904        266.00000000000000     
   54.000000000000000        1.4082537215276043        264.00000000000000     
   55.000000000000000        1.1975708765027633        261.00000000000000     
   56.000000000000000        1.0195010935962507        259.00000000000000     
   57.000000000000000       0.86977516675230837        256.00000000000000     
   58.000000000000000       0.74231742349515517        254.00000000000000     
   59.000000000000000       0.63343014643988615        252.00000000000000     
   60.000000000000000       0.52600902828647877        247.00000000000000     
